Analysis & Synthesis report for aluPara
Mon Aug 26 23:34:53 2024
Quartus Prime Version 20.1.0 Build 711 06/05/2020 SJ Lite Edition


---------------------
; Table of Contents ;
---------------------
  1. Legal Notice
  2. Analysis & Synthesis Summary
  3. Analysis & Synthesis Settings
  4. Parallel Compilation
  5. Analysis & Synthesis Source Files Read
  6. Analysis & Synthesis Resource Usage Summary
  7. Analysis & Synthesis Resource Utilization by Entity
  8. Registers Removed During Synthesis
  9. Removed Registers Triggering Further Register Optimizations
 10. General Register Statistics
 11. Parameter Settings for User Entity Instance: Top-level Entity: |aluPara_tbreg
 12. Parameter Settings for User Entity Instance: registro:reg1
 13. Parameter Settings for User Entity Instance: aluPara:nueva_alu
 14. Parameter Settings for User Entity Instance: aluPara:nueva_alu|restPara:contador_selector
 15. Parameter Settings for User Entity Instance: aluPara:nueva_alu|mux16to1:nuevo_mux
 16. Parameter Settings for User Entity Instance: aluPara:nueva_alu|Sumador_estructural:nuevo_sumandor
 17. Parameter Settings for User Entity Instance: aluPara:nueva_alu|restador:nuevo_restador
 18. Parameter Settings for User Entity Instance: aluPara:nueva_alu|multiplicador:nuevo_multiplicador
 19. Parameter Settings for User Entity Instance: aluPara:nueva_alu|multiplicador:nuevo_multiplicador|Sumador_estructural:instancias[0].nuevo_sumador
 20. Parameter Settings for User Entity Instance: aluPara:nueva_alu|multiplicador:nuevo_multiplicador|Sumador_estructural:instancias[1].nuevo_sumador
 21. Parameter Settings for User Entity Instance: aluPara:nueva_alu|multiplicador:nuevo_multiplicador|Sumador_estructural:instancias[2].nuevo_sumador
 22. Parameter Settings for User Entity Instance: aluPara:nueva_alu|multiplicador:nuevo_multiplicador|Sumador_estructural:instancias[3].nuevo_sumador
 23. Parameter Settings for User Entity Instance: aluPara:nueva_alu|multiplicador:nuevo_multiplicador|Sumador_estructural:instancias[4].nuevo_sumador
 24. Parameter Settings for User Entity Instance: aluPara:nueva_alu|multiplicador:nuevo_multiplicador|Sumador_estructural:instancias[5].nuevo_sumador
 25. Parameter Settings for User Entity Instance: aluPara:nueva_alu|multiplicador:nuevo_multiplicador|Sumador_estructural:instancias[6].nuevo_sumador
 26. Parameter Settings for User Entity Instance: registro:reg2
 27. Port Connectivity Checks: "registro:reg2"
 28. Port Connectivity Checks: "aluPara:nueva_alu|multiplicador:nuevo_multiplicador|Sumador_estructural:instancias[6].nuevo_sumador"
 29. Port Connectivity Checks: "aluPara:nueva_alu|multiplicador:nuevo_multiplicador|Sumador_estructural:instancias[5].nuevo_sumador"
 30. Port Connectivity Checks: "aluPara:nueva_alu|multiplicador:nuevo_multiplicador|Sumador_estructural:instancias[4].nuevo_sumador"
 31. Port Connectivity Checks: "aluPara:nueva_alu|multiplicador:nuevo_multiplicador|Sumador_estructural:instancias[3].nuevo_sumador"
 32. Port Connectivity Checks: "aluPara:nueva_alu|multiplicador:nuevo_multiplicador|Sumador_estructural:instancias[2].nuevo_sumador"
 33. Port Connectivity Checks: "aluPara:nueva_alu|multiplicador:nuevo_multiplicador|Sumador_estructural:instancias[1].nuevo_sumador"
 34. Port Connectivity Checks: "aluPara:nueva_alu|multiplicador:nuevo_multiplicador|Sumador_estructural:instancias[0].nuevo_sumador"
 35. Port Connectivity Checks: "aluPara:nueva_alu|multiplicador:nuevo_multiplicador"
 36. Port Connectivity Checks: "aluPara:nueva_alu|restador:nuevo_restador|restador_ins:restados[0].nuevo"
 37. Port Connectivity Checks: "aluPara:nueva_alu|Sumador_estructural:nuevo_sumandor"
 38. Port Connectivity Checks: "aluPara:nueva_alu|mux16to1:nuevo_mux"
 39. Port Connectivity Checks: "aluPara:nueva_alu"
 40. Port Connectivity Checks: "registro:reg1"
 41. Post-Synthesis Netlist Statistics for Top Partition
 42. Elapsed Time Per Partition
 43. Analysis & Synthesis Messages



----------------
; Legal Notice ;
----------------
Copyright (C) 2020  Intel Corporation. All rights reserved.
Your use of Intel Corporation's design tools, logic functions 
and other software and tools, and any partner logic 
functions, and any output files from any of the foregoing 
(including device programming or simulation files), and any 
associated documentation or information are expressly subject 
to the terms and conditions of the Intel Program License 
Subscription Agreement, the Intel Quartus Prime License Agreement,
the Intel FPGA IP License Agreement, or other applicable license
agreement, including, without limitation, that your use is for
the sole purpose of programming logic devices manufactured by
Intel and sold by Intel or its authorized distributors.  Please
refer to the applicable agreement for further details, at
https://fpgasoftware.intel.com/eula.



+-------------------------------------------------------------------------------+
; Analysis & Synthesis Summary                                                  ;
+---------------------------------+---------------------------------------------+
; Analysis & Synthesis Status     ; Successful - Mon Aug 26 23:34:53 2024       ;
; Quartus Prime Version           ; 20.1.0 Build 711 06/05/2020 SJ Lite Edition ;
; Revision Name                   ; aluPara                                     ;
; Top-level Entity Name           ; aluPara_tbreg                               ;
; Family                          ; Cyclone V                                   ;
; Logic utilization (in ALMs)     ; N/A                                         ;
; Total registers                 ; 0                                           ;
; Total pins                      ; 4                                           ;
; Total virtual pins              ; 0                                           ;
; Total block memory bits         ; 0                                           ;
; Total DSP Blocks                ; 0                                           ;
; Total HSSI RX PCSs              ; 0                                           ;
; Total HSSI PMA RX Deserializers ; 0                                           ;
; Total HSSI TX PCSs              ; 0                                           ;
; Total HSSI PMA TX Serializers   ; 0                                           ;
; Total PLLs                      ; 0                                           ;
; Total DLLs                      ; 0                                           ;
+---------------------------------+---------------------------------------------+


+---------------------------------------------------------------------------------------------------------------------------+
; Analysis & Synthesis Settings                                                                                             ;
+---------------------------------------------------------------------------------+--------------------+--------------------+
; Option                                                                          ; Setting            ; Default Value      ;
+---------------------------------------------------------------------------------+--------------------+--------------------+
; Device                                                                          ; 5CSXFC6D6F31C6     ;                    ;
; Top-level entity name                                                           ; aluPara_tbreg      ; aluPara            ;
; Family name                                                                     ; Cyclone V          ; Cyclone V          ;
; Use smart compilation                                                           ; Off                ; Off                ;
; Enable parallel Assembler and Timing Analyzer during compilation                ; On                 ; On                 ;
; Enable compact report table                                                     ; Off                ; Off                ;
; Restructure Multiplexers                                                        ; Auto               ; Auto               ;
; MLAB Add Timing Constraints For Mixed-Port Feed-Through Mode Setting Don't Care ; Off                ; Off                ;
; Create Debugging Nodes for IP Cores                                             ; Off                ; Off                ;
; Preserve fewer node names                                                       ; On                 ; On                 ;
; Intel FPGA IP Evaluation Mode                                                   ; Enable             ; Enable             ;
; Verilog Version                                                                 ; Verilog_2001       ; Verilog_2001       ;
; VHDL Version                                                                    ; VHDL_1993          ; VHDL_1993          ;
; State Machine Processing                                                        ; Auto               ; Auto               ;
; Safe State Machine                                                              ; Off                ; Off                ;
; Extract Verilog State Machines                                                  ; On                 ; On                 ;
; Extract VHDL State Machines                                                     ; On                 ; On                 ;
; Ignore Verilog initial constructs                                               ; Off                ; Off                ;
; Iteration limit for constant Verilog loops                                      ; 5000               ; 5000               ;
; Iteration limit for non-constant Verilog loops                                  ; 250                ; 250                ;
; Add Pass-Through Logic to Inferred RAMs                                         ; On                 ; On                 ;
; Infer RAMs from Raw Logic                                                       ; On                 ; On                 ;
; Parallel Synthesis                                                              ; On                 ; On                 ;
; DSP Block Balancing                                                             ; Auto               ; Auto               ;
; NOT Gate Push-Back                                                              ; On                 ; On                 ;
; Power-Up Don't Care                                                             ; On                 ; On                 ;
; Remove Redundant Logic Cells                                                    ; Off                ; Off                ;
; Remove Duplicate Registers                                                      ; On                 ; On                 ;
; Ignore CARRY Buffers                                                            ; Off                ; Off                ;
; Ignore CASCADE Buffers                                                          ; Off                ; Off                ;
; Ignore GLOBAL Buffers                                                           ; Off                ; Off                ;
; Ignore ROW GLOBAL Buffers                                                       ; Off                ; Off                ;
; Ignore LCELL Buffers                                                            ; Off                ; Off                ;
; Ignore SOFT Buffers                                                             ; On                 ; On                 ;
; Limit AHDL Integers to 32 Bits                                                  ; Off                ; Off                ;
; Optimization Technique                                                          ; Balanced           ; Balanced           ;
; Carry Chain Length                                                              ; 70                 ; 70                 ;
; Auto Carry Chains                                                               ; On                 ; On                 ;
; Auto Open-Drain Pins                                                            ; On                 ; On                 ;
; Perform WYSIWYG Primitive Resynthesis                                           ; Off                ; Off                ;
; Auto ROM Replacement                                                            ; On                 ; On                 ;
; Auto RAM Replacement                                                            ; On                 ; On                 ;
; Auto DSP Block Replacement                                                      ; On                 ; On                 ;
; Auto Shift Register Replacement                                                 ; Auto               ; Auto               ;
; Allow Shift Register Merging across Hierarchies                                 ; Auto               ; Auto               ;
; Auto Clock Enable Replacement                                                   ; On                 ; On                 ;
; Strict RAM Replacement                                                          ; Off                ; Off                ;
; Allow Synchronous Control Signals                                               ; On                 ; On                 ;
; Force Use of Synchronous Clear Signals                                          ; Off                ; Off                ;
; Auto Resource Sharing                                                           ; Off                ; Off                ;
; Allow Any RAM Size For Recognition                                              ; Off                ; Off                ;
; Allow Any ROM Size For Recognition                                              ; Off                ; Off                ;
; Allow Any Shift Register Size For Recognition                                   ; Off                ; Off                ;
; Use LogicLock Constraints during Resource Balancing                             ; On                 ; On                 ;
; Ignore translate_off and synthesis_off directives                               ; Off                ; Off                ;
; Timing-Driven Synthesis                                                         ; On                 ; On                 ;
; Report Parameter Settings                                                       ; On                 ; On                 ;
; Report Source Assignments                                                       ; On                 ; On                 ;
; Report Connectivity Checks                                                      ; On                 ; On                 ;
; Ignore Maximum Fan-Out Assignments                                              ; Off                ; Off                ;
; Synchronization Register Chain Length                                           ; 3                  ; 3                  ;
; Power Optimization During Synthesis                                             ; Normal compilation ; Normal compilation ;
; HDL message level                                                               ; Level2             ; Level2             ;
; Suppress Register Optimization Related Messages                                 ; Off                ; Off                ;
; Number of Removed Registers Reported in Synthesis Report                        ; 5000               ; 5000               ;
; Number of Swept Nodes Reported in Synthesis Report                              ; 5000               ; 5000               ;
; Number of Inverted Registers Reported in Synthesis Report                       ; 100                ; 100                ;
; Clock MUX Protection                                                            ; On                 ; On                 ;
; Auto Gated Clock Conversion                                                     ; Off                ; Off                ;
; Block Design Naming                                                             ; Auto               ; Auto               ;
; SDC constraint protection                                                       ; Off                ; Off                ;
; Synthesis Effort                                                                ; Auto               ; Auto               ;
; Shift Register Replacement - Allow Asynchronous Clear Signal                    ; On                 ; On                 ;
; Pre-Mapping Resynthesis Optimization                                            ; Off                ; Off                ;
; Analysis & Synthesis Message Level                                              ; Medium             ; Medium             ;
; Disable Register Merging Across Hierarchies                                     ; Auto               ; Auto               ;
; Resource Aware Inference For Block RAM                                          ; On                 ; On                 ;
; Automatic Parallel Synthesis                                                    ; On                 ; On                 ;
; Partial Reconfiguration Bitstream ID                                            ; Off                ; Off                ;
+---------------------------------------------------------------------------------+--------------------+--------------------+


+------------------------------------------+
; Parallel Compilation                     ;
+----------------------------+-------------+
; Processors                 ; Number      ;
+----------------------------+-------------+
; Number detected on machine ; 4           ;
; Maximum allowed            ; 2           ;
;                            ;             ;
; Average used               ; 1.00        ;
; Maximum used               ; 1           ;
;                            ;             ;
; Usage by Processor         ; % Time Used ;
;     Processor 1            ; 100.0%      ;
+----------------------------+-------------+


+--------------------------------------------------------------------------------------------------------------------------------------------------------------------------------------------------------------------------------------------+
; Analysis & Synthesis Source Files Read                                                                                                                                                                                                     ;
+----------------------------------+-----------------+------------------------------------+----------------------------------------------------------------------------------------------------------------------------------------+---------+
; File Name with User-Entered Path ; Used in Netlist ; File Type                          ; File Name with Absolute Path                                                                                                           ; Library ;
+----------------------------------+-----------------+------------------------------------+----------------------------------------------------------------------------------------------------------------------------------------+---------+
; SevenSegmentDisplay.sv           ; yes             ; User SystemVerilog HDL File        ; C:/Users/genne/OneDrive/Escritorio/Lab de fundamentos/crodriguez_jarroyo_nvargas_digital_design_lab_2024/labDOS/SevenSegmentDisplay.sv ;         ;
; multiplicador.sv                 ; yes             ; User SystemVerilog HDL File        ; C:/Users/genne/OneDrive/Escritorio/Lab de fundamentos/crodriguez_jarroyo_nvargas_digital_design_lab_2024/labDOS/multiplicador.sv       ;         ;
; aluPara.sv                       ; yes             ; User SystemVerilog HDL File        ; C:/Users/genne/OneDrive/Escritorio/Lab de fundamentos/crodriguez_jarroyo_nvargas_digital_design_lab_2024/labDOS/aluPara.sv             ;         ;
; Sumador_estructural.sv           ; yes             ; User SystemVerilog HDL File        ; C:/Users/genne/OneDrive/Escritorio/Lab de fundamentos/crodriguez_jarroyo_nvargas_digital_design_lab_2024/labDOS/Sumador_estructural.sv ;         ;
; restador.sv                      ; yes             ; User SystemVerilog HDL File        ; C:/Users/genne/OneDrive/Escritorio/Lab de fundamentos/crodriguez_jarroyo_nvargas_digital_design_lab_2024/labDOS/restador.sv            ;         ;
; mux16to1.sv                      ; yes             ; User SystemVerilog HDL File        ; C:/Users/genne/OneDrive/Escritorio/Lab de fundamentos/crodriguez_jarroyo_nvargas_digital_design_lab_2024/labDOS/mux16to1.sv            ;         ;
; registro.sv                      ; yes             ; User SystemVerilog HDL File        ; C:/Users/genne/OneDrive/Escritorio/Lab de fundamentos/crodriguez_jarroyo_nvargas_digital_design_lab_2024/labDOS/registro.sv            ;         ;
; aluPara_tbreg.sv                 ; yes             ; User SystemVerilog HDL File        ; C:/Users/genne/OneDrive/Escritorio/Lab de fundamentos/crodriguez_jarroyo_nvargas_digital_design_lab_2024/labDOS/aluPara_tbreg.sv       ;         ;
; restpara.sv                      ; yes             ; Auto-Found SystemVerilog HDL File  ; C:/Users/genne/OneDrive/Escritorio/Lab de fundamentos/crodriguez_jarroyo_nvargas_digital_design_lab_2024/labDOS/restpara.sv            ;         ;
+----------------------------------+-----------------+------------------------------------+----------------------------------------------------------------------------------------------------------------------------------------+---------+


+-----------------------------------------------------+
; Analysis & Synthesis Resource Usage Summary         ;
+---------------------------------------------+-------+
; Resource                                    ; Usage ;
+---------------------------------------------+-------+
; Estimate of Logic utilization (ALMs needed) ; 0     ;
;                                             ;       ;
; Combinational ALUT usage for logic          ; 0     ;
;     -- 7 input functions                    ; 0     ;
;     -- 6 input functions                    ; 0     ;
;     -- 5 input functions                    ; 0     ;
;     -- 4 input functions                    ; 0     ;
;     -- <=3 input functions                  ; 0     ;
;                                             ;       ;
; Dedicated logic registers                   ; 0     ;
;                                             ;       ;
; I/O pins                                    ; 4     ;
;                                             ;       ;
; Total DSP Blocks                            ; 0     ;
;                                             ;       ;
; Maximum fan-out node                        ; clk   ;
; Maximum fan-out                             ; 1     ;
; Total fan-out                               ; 4     ;
; Average fan-out                             ; 0.50  ;
+---------------------------------------------+-------+


+------------------------------------------------------------------------------------------------------------------------------------------------------------------------------------------+
; Analysis & Synthesis Resource Utilization by Entity                                                                                                                                      ;
+----------------------------+---------------------+---------------------------+-------------------+------------+------+--------------+---------------------+---------------+--------------+
; Compilation Hierarchy Node ; Combinational ALUTs ; Dedicated Logic Registers ; Block Memory Bits ; DSP Blocks ; Pins ; Virtual Pins ; Full Hierarchy Name ; Entity Name   ; Library Name ;
+----------------------------+---------------------+---------------------------+-------------------+------------+------+--------------+---------------------+---------------+--------------+
; |aluPara_tbreg             ; 0 (0)               ; 0 (0)                     ; 0                 ; 0          ; 4    ; 0            ; |aluPara_tbreg      ; aluPara_tbreg ; work         ;
+----------------------------+---------------------+---------------------------+-------------------+------------+------+--------------+---------------------+---------------+--------------+
Note: For table entries with two numbers listed, the numbers in parentheses indicate the number of resources of the given type used by the specific entity alone. The numbers listed outside of parentheses indicate the total resources of the given type used by the specific entity and all of its sub-entities in the hierarchy.


+-----------------------------------------------------------------------------------------------+
; Registers Removed During Synthesis                                                            ;
+------------------------------------------------------+----------------------------------------+
; Register name                                        ; Reason for Removal                     ;
+------------------------------------------------------+----------------------------------------+
; aluPara:nueva_alu|restPara:contador_selector|q[0..3] ; Stuck at GND due to stuck port clock   ;
; registro:reg1|Q[0]                                   ; Stuck at GND due to stuck port data_in ;
; registro:reg2|Q[0]                                   ; Stuck at GND due to stuck port data_in ;
; Total Number of Removed Registers = 6                ;                                        ;
+------------------------------------------------------+----------------------------------------+


+----------------------------------------------------------------------------------------------------------------------+
; Removed Registers Triggering Further Register Optimizations                                                          ;
+---------------------------------------------------+-------------------------+----------------------------------------+
; Register name                                     ; Reason for Removal      ; Registers Removed due to This Register ;
+---------------------------------------------------+-------------------------+----------------------------------------+
; aluPara:nueva_alu|restPara:contador_selector|q[3] ; Stuck at GND            ; registro:reg2|Q[0]                     ;
;                                                   ; due to stuck port clock ;                                        ;
+---------------------------------------------------+-------------------------+----------------------------------------+


+------------------------------------------------------+
; General Register Statistics                          ;
+----------------------------------------------+-------+
; Statistic                                    ; Value ;
+----------------------------------------------+-------+
; Total registers                              ; 0     ;
; Number of registers using Synchronous Clear  ; 0     ;
; Number of registers using Synchronous Load   ; 0     ;
; Number of registers using Asynchronous Clear ; 0     ;
; Number of registers using Asynchronous Load  ; 0     ;
; Number of registers using Clock Enable       ; 0     ;
; Number of registers using Preset             ; 0     ;
+----------------------------------------------+-------+


+-------------------------------------------------------------------------------+
; Parameter Settings for User Entity Instance: Top-level Entity: |aluPara_tbreg ;
+----------------+-------+------------------------------------------------------+
; Parameter Name ; Value ; Type                                                 ;
+----------------+-------+------------------------------------------------------+
; N              ; 8     ; Signed Integer                                       ;
+----------------+-------+------------------------------------------------------+
Note: In order to hide this table in the UI and the text report file, please set the "Show Parameter Settings in Synthesis Report" option in "Analysis and Synthesis Settings -> More Settings" to "Off".


+------------------------------------------------------------+
; Parameter Settings for User Entity Instance: registro:reg1 ;
+----------------+-------+-----------------------------------+
; Parameter Name ; Value ; Type                              ;
+----------------+-------+-----------------------------------+
; N              ; 8     ; Signed Integer                    ;
+----------------+-------+-----------------------------------+
Note: In order to hide this table in the UI and the text report file, please set the "Show Parameter Settings in Synthesis Report" option in "Analysis and Synthesis Settings -> More Settings" to "Off".


+----------------------------------------------------------------+
; Parameter Settings for User Entity Instance: aluPara:nueva_alu ;
+----------------+-------+---------------------------------------+
; Parameter Name ; Value ; Type                                  ;
+----------------+-------+---------------------------------------+
; N              ; 8     ; Signed Integer                        ;
+----------------+-------+---------------------------------------+
Note: In order to hide this table in the UI and the text report file, please set the "Show Parameter Settings in Synthesis Report" option in "Analysis and Synthesis Settings -> More Settings" to "Off".


+-------------------------------------------------------------------------------------------+
; Parameter Settings for User Entity Instance: aluPara:nueva_alu|restPara:contador_selector ;
+----------------+-------+------------------------------------------------------------------+
; Parameter Name ; Value ; Type                                                             ;
+----------------+-------+------------------------------------------------------------------+
; N              ; 4     ; Signed Integer                                                   ;
+----------------+-------+------------------------------------------------------------------+
Note: In order to hide this table in the UI and the text report file, please set the "Show Parameter Settings in Synthesis Report" option in "Analysis and Synthesis Settings -> More Settings" to "Off".


+-----------------------------------------------------------------------------------+
; Parameter Settings for User Entity Instance: aluPara:nueva_alu|mux16to1:nuevo_mux ;
+----------------+-------+----------------------------------------------------------+
; Parameter Name ; Value ; Type                                                     ;
+----------------+-------+----------------------------------------------------------+
; N              ; 8     ; Signed Integer                                           ;
+----------------+-------+----------------------------------------------------------+
Note: In order to hide this table in the UI and the text report file, please set the "Show Parameter Settings in Synthesis Report" option in "Analysis and Synthesis Settings -> More Settings" to "Off".


+---------------------------------------------------------------------------------------------------+
; Parameter Settings for User Entity Instance: aluPara:nueva_alu|Sumador_estructural:nuevo_sumandor ;
+----------------+-------+--------------------------------------------------------------------------+
; Parameter Name ; Value ; Type                                                                     ;
+----------------+-------+--------------------------------------------------------------------------+
; N              ; 8     ; Signed Integer                                                           ;
+----------------+-------+--------------------------------------------------------------------------+
Note: In order to hide this table in the UI and the text report file, please set the "Show Parameter Settings in Synthesis Report" option in "Analysis and Synthesis Settings -> More Settings" to "Off".


+----------------------------------------------------------------------------------------+
; Parameter Settings for User Entity Instance: aluPara:nueva_alu|restador:nuevo_restador ;
+----------------+-------+---------------------------------------------------------------+
; Parameter Name ; Value ; Type                                                          ;
+----------------+-------+---------------------------------------------------------------+
; N              ; 8     ; Signed Integer                                                ;
+----------------+-------+---------------------------------------------------------------+
Note: In order to hide this table in the UI and the text report file, please set the "Show Parameter Settings in Synthesis Report" option in "Analysis and Synthesis Settings -> More Settings" to "Off".


+--------------------------------------------------------------------------------------------------+
; Parameter Settings for User Entity Instance: aluPara:nueva_alu|multiplicador:nuevo_multiplicador ;
+----------------+-------+-------------------------------------------------------------------------+
; Parameter Name ; Value ; Type                                                                    ;
+----------------+-------+-------------------------------------------------------------------------+
; N              ; 8     ; Signed Integer                                                          ;
+----------------+-------+-------------------------------------------------------------------------+
Note: In order to hide this table in the UI and the text report file, please set the "Show Parameter Settings in Synthesis Report" option in "Analysis and Synthesis Settings -> More Settings" to "Off".


+--------------------------------------------------------------------------------------------------------------------------------------------------+
; Parameter Settings for User Entity Instance: aluPara:nueva_alu|multiplicador:nuevo_multiplicador|Sumador_estructural:instancias[0].nuevo_sumador ;
+----------------+-------+-------------------------------------------------------------------------------------------------------------------------+
; Parameter Name ; Value ; Type                                                                                                                    ;
+----------------+-------+-------------------------------------------------------------------------------------------------------------------------+
; N              ; 15    ; Signed Integer                                                                                                          ;
+----------------+-------+-------------------------------------------------------------------------------------------------------------------------+
Note: In order to hide this table in the UI and the text report file, please set the "Show Parameter Settings in Synthesis Report" option in "Analysis and Synthesis Settings -> More Settings" to "Off".


+--------------------------------------------------------------------------------------------------------------------------------------------------+
; Parameter Settings for User Entity Instance: aluPara:nueva_alu|multiplicador:nuevo_multiplicador|Sumador_estructural:instancias[1].nuevo_sumador ;
+----------------+-------+-------------------------------------------------------------------------------------------------------------------------+
; Parameter Name ; Value ; Type                                                                                                                    ;
+----------------+-------+-------------------------------------------------------------------------------------------------------------------------+
; N              ; 15    ; Signed Integer                                                                                                          ;
+----------------+-------+-------------------------------------------------------------------------------------------------------------------------+
Note: In order to hide this table in the UI and the text report file, please set the "Show Parameter Settings in Synthesis Report" option in "Analysis and Synthesis Settings -> More Settings" to "Off".


+--------------------------------------------------------------------------------------------------------------------------------------------------+
; Parameter Settings for User Entity Instance: aluPara:nueva_alu|multiplicador:nuevo_multiplicador|Sumador_estructural:instancias[2].nuevo_sumador ;
+----------------+-------+-------------------------------------------------------------------------------------------------------------------------+
; Parameter Name ; Value ; Type                                                                                                                    ;
+----------------+-------+-------------------------------------------------------------------------------------------------------------------------+
; N              ; 15    ; Signed Integer                                                                                                          ;
+----------------+-------+-------------------------------------------------------------------------------------------------------------------------+
Note: In order to hide this table in the UI and the text report file, please set the "Show Parameter Settings in Synthesis Report" option in "Analysis and Synthesis Settings -> More Settings" to "Off".


+--------------------------------------------------------------------------------------------------------------------------------------------------+
; Parameter Settings for User Entity Instance: aluPara:nueva_alu|multiplicador:nuevo_multiplicador|Sumador_estructural:instancias[3].nuevo_sumador ;
+----------------+-------+-------------------------------------------------------------------------------------------------------------------------+
; Parameter Name ; Value ; Type                                                                                                                    ;
+----------------+-------+-------------------------------------------------------------------------------------------------------------------------+
; N              ; 15    ; Signed Integer                                                                                                          ;
+----------------+-------+-------------------------------------------------------------------------------------------------------------------------+
Note: In order to hide this table in the UI and the text report file, please set the "Show Parameter Settings in Synthesis Report" option in "Analysis and Synthesis Settings -> More Settings" to "Off".


+--------------------------------------------------------------------------------------------------------------------------------------------------+
; Parameter Settings for User Entity Instance: aluPara:nueva_alu|multiplicador:nuevo_multiplicador|Sumador_estructural:instancias[4].nuevo_sumador ;
+----------------+-------+-------------------------------------------------------------------------------------------------------------------------+
; Parameter Name ; Value ; Type                                                                                                                    ;
+----------------+-------+-------------------------------------------------------------------------------------------------------------------------+
; N              ; 15    ; Signed Integer                                                                                                          ;
+----------------+-------+-------------------------------------------------------------------------------------------------------------------------+
Note: In order to hide this table in the UI and the text report file, please set the "Show Parameter Settings in Synthesis Report" option in "Analysis and Synthesis Settings -> More Settings" to "Off".


+--------------------------------------------------------------------------------------------------------------------------------------------------+
; Parameter Settings for User Entity Instance: aluPara:nueva_alu|multiplicador:nuevo_multiplicador|Sumador_estructural:instancias[5].nuevo_sumador ;
+----------------+-------+-------------------------------------------------------------------------------------------------------------------------+
; Parameter Name ; Value ; Type                                                                                                                    ;
+----------------+-------+-------------------------------------------------------------------------------------------------------------------------+
; N              ; 15    ; Signed Integer                                                                                                          ;
+----------------+-------+-------------------------------------------------------------------------------------------------------------------------+
Note: In order to hide this table in the UI and the text report file, please set the "Show Parameter Settings in Synthesis Report" option in "Analysis and Synthesis Settings -> More Settings" to "Off".


+--------------------------------------------------------------------------------------------------------------------------------------------------+
; Parameter Settings for User Entity Instance: aluPara:nueva_alu|multiplicador:nuevo_multiplicador|Sumador_estructural:instancias[6].nuevo_sumador ;
+----------------+-------+-------------------------------------------------------------------------------------------------------------------------+
; Parameter Name ; Value ; Type                                                                                                                    ;
+----------------+-------+-------------------------------------------------------------------------------------------------------------------------+
; N              ; 15    ; Signed Integer                                                                                                          ;
+----------------+-------+-------------------------------------------------------------------------------------------------------------------------+
Note: In order to hide this table in the UI and the text report file, please set the "Show Parameter Settings in Synthesis Report" option in "Analysis and Synthesis Settings -> More Settings" to "Off".


+------------------------------------------------------------+
; Parameter Settings for User Entity Instance: registro:reg2 ;
+----------------+-------+-----------------------------------+
; Parameter Name ; Value ; Type                              ;
+----------------+-------+-----------------------------------+
; N              ; 8     ; Signed Integer                    ;
+----------------+-------+-----------------------------------+
Note: In order to hide this table in the UI and the text report file, please set the "Show Parameter Settings in Synthesis Report" option in "Analysis and Synthesis Settings -> More Settings" to "Off".


+-------------------------------------------------------------------------------------------------------------------------------------------------+
; Port Connectivity Checks: "registro:reg2"                                                                                                       ;
+------+--------+----------+----------------------------------------------------------------------------------------------------------------------+
; Port ; Type   ; Severity ; Details                                                                                                              ;
+------+--------+----------+----------------------------------------------------------------------------------------------------------------------+
; Q    ; Output ; Warning  ; Output or bidir port (8 bits) is wider than the port expression (1 bits) it drives; bit(s) "Q[7..1]" have no fanouts ;
+------+--------+----------+----------------------------------------------------------------------------------------------------------------------+


+---------------------------------------------------------------------------------------------------------------------------------+
; Port Connectivity Checks: "aluPara:nueva_alu|multiplicador:nuevo_multiplicador|Sumador_estructural:instancias[6].nuevo_sumador" ;
+---------+-------+----------+----------------------------------------------------------------------------------------------------+
; Port    ; Type  ; Severity ; Details                                                                                            ;
+---------+-------+----------+----------------------------------------------------------------------------------------------------+
; b[6..0] ; Input ; Info     ; Stuck at GND                                                                                       ;
+---------+-------+----------+----------------------------------------------------------------------------------------------------+


+---------------------------------------------------------------------------------------------------------------------------------+
; Port Connectivity Checks: "aluPara:nueva_alu|multiplicador:nuevo_multiplicador|Sumador_estructural:instancias[5].nuevo_sumador" ;
+---------+-------+----------+----------------------------------------------------------------------------------------------------+
; Port    ; Type  ; Severity ; Details                                                                                            ;
+---------+-------+----------+----------------------------------------------------------------------------------------------------+
; b[5..0] ; Input ; Info     ; Stuck at GND                                                                                       ;
; b[14]   ; Input ; Info     ; Stuck at GND                                                                                       ;
+---------+-------+----------+----------------------------------------------------------------------------------------------------+


+---------------------------------------------------------------------------------------------------------------------------------+
; Port Connectivity Checks: "aluPara:nueva_alu|multiplicador:nuevo_multiplicador|Sumador_estructural:instancias[4].nuevo_sumador" ;
+-----------+-------+----------+--------------------------------------------------------------------------------------------------+
; Port      ; Type  ; Severity ; Details                                                                                          ;
+-----------+-------+----------+--------------------------------------------------------------------------------------------------+
; b[14..13] ; Input ; Info     ; Stuck at GND                                                                                     ;
; b[4..0]   ; Input ; Info     ; Stuck at GND                                                                                     ;
+-----------+-------+----------+--------------------------------------------------------------------------------------------------+


+---------------------------------------------------------------------------------------------------------------------------------+
; Port Connectivity Checks: "aluPara:nueva_alu|multiplicador:nuevo_multiplicador|Sumador_estructural:instancias[3].nuevo_sumador" ;
+-----------+-------+----------+--------------------------------------------------------------------------------------------------+
; Port      ; Type  ; Severity ; Details                                                                                          ;
+-----------+-------+----------+--------------------------------------------------------------------------------------------------+
; b[14..12] ; Input ; Info     ; Stuck at GND                                                                                     ;
; b[3..0]   ; Input ; Info     ; Stuck at GND                                                                                     ;
+-----------+-------+----------+--------------------------------------------------------------------------------------------------+


+---------------------------------------------------------------------------------------------------------------------------------+
; Port Connectivity Checks: "aluPara:nueva_alu|multiplicador:nuevo_multiplicador|Sumador_estructural:instancias[2].nuevo_sumador" ;
+-----------+-------+----------+--------------------------------------------------------------------------------------------------+
; Port      ; Type  ; Severity ; Details                                                                                          ;
+-----------+-------+----------+--------------------------------------------------------------------------------------------------+
; b[14..11] ; Input ; Info     ; Stuck at GND                                                                                     ;
; b[2..0]   ; Input ; Info     ; Stuck at GND                                                                                     ;
+-----------+-------+----------+--------------------------------------------------------------------------------------------------+


+---------------------------------------------------------------------------------------------------------------------------------+
; Port Connectivity Checks: "aluPara:nueva_alu|multiplicador:nuevo_multiplicador|Sumador_estructural:instancias[1].nuevo_sumador" ;
+-----------+-------+----------+--------------------------------------------------------------------------------------------------+
; Port      ; Type  ; Severity ; Details                                                                                          ;
+-----------+-------+----------+--------------------------------------------------------------------------------------------------+
; b[14..10] ; Input ; Info     ; Stuck at GND                                                                                     ;
; b[1..0]   ; Input ; Info     ; Stuck at GND                                                                                     ;
+-----------+-------+----------+--------------------------------------------------------------------------------------------------+


+---------------------------------------------------------------------------------------------------------------------------------+
; Port Connectivity Checks: "aluPara:nueva_alu|multiplicador:nuevo_multiplicador|Sumador_estructural:instancias[0].nuevo_sumador" ;
+----------+-------+----------+---------------------------------------------------------------------------------------------------+
; Port     ; Type  ; Severity ; Details                                                                                           ;
+----------+-------+----------+---------------------------------------------------------------------------------------------------+
; a[14..8] ; Input ; Info     ; Stuck at GND                                                                                      ;
; b[14..9] ; Input ; Info     ; Stuck at GND                                                                                      ;
; b[0]     ; Input ; Info     ; Stuck at GND                                                                                      ;
; cin      ; Input ; Info     ; Stuck at GND                                                                                      ;
+----------+-------+----------+---------------------------------------------------------------------------------------------------+


+----------------------------------------------------------------------------------------------------------------------------------+
; Port Connectivity Checks: "aluPara:nueva_alu|multiplicador:nuevo_multiplicador"                                                  ;
+------------------------+--------+----------+-------------------------------------------------------------------------------------+
; Port                   ; Type   ; Severity ; Details                                                                             ;
+------------------------+--------+----------+-------------------------------------------------------------------------------------+
; s_multiplicador[15..8] ; Output ; Info     ; Connected to dangling logic. Logic that only feeds a dangling port will be removed. ;
+------------------------+--------+----------+-------------------------------------------------------------------------------------+


+------------------------------------------------------------------------------------------------------+
; Port Connectivity Checks: "aluPara:nueva_alu|restador:nuevo_restador|restador_ins:restados[0].nuevo" ;
+------+-------+----------+----------------------------------------------------------------------------+
; Port ; Type  ; Severity ; Details                                                                    ;
+------+-------+----------+----------------------------------------------------------------------------+
; c    ; Input ; Info     ; Stuck at VCC                                                               ;
+------+-------+----------+----------------------------------------------------------------------------+


+----------------------------------------------------------------------------------+
; Port Connectivity Checks: "aluPara:nueva_alu|Sumador_estructural:nuevo_sumandor" ;
+------+-------+----------+--------------------------------------------------------+
; Port ; Type  ; Severity ; Details                                                ;
+------+-------+----------+--------------------------------------------------------+
; cin  ; Input ; Info     ; Stuck at GND                                           ;
+------+-------+----------+--------------------------------------------------------+


+------------------------------------------------------------------+
; Port Connectivity Checks: "aluPara:nueva_alu|mux16to1:nuevo_mux" ;
+------------+-------+----------+----------------------------------+
; Port       ; Type  ; Severity ; Details                          ;
+------------+-------+----------+----------------------------------+
; in[15..10] ; Input ; Info     ; Stuck at GND                     ;
; in[9][7]   ; Input ; Info     ; Stuck at GND                     ;
; in[8][0]   ; Input ; Info     ; Stuck at GND                     ;
+------------+-------+----------+----------------------------------+


+------------------------------------------------------------------------------------------------------------------------------------------------------------------------------------+
; Port Connectivity Checks: "aluPara:nueva_alu"                                                                                                                                      ;
+--------------------+--------+----------+-------------------------------------------------------------------------------------------------------------------------------------------+
; Port               ; Type   ; Severity ; Details                                                                                                                                   ;
+--------------------+--------+----------+-------------------------------------------------------------------------------------------------------------------------------------------+
; a                  ; Input  ; Warning  ; Input port expression (1 bits) is smaller than the input port (8 bits) it drives.  Extra input bit(s) "a[7..1]" will be connected to GND. ;
; display_selector1  ; Output ; Info     ; Connected to dangling logic. Logic that only feeds a dangling port will be removed.                                                       ;
; display_selector2  ; Output ; Info     ; Connected to dangling logic. Logic that only feeds a dangling port will be removed.                                                       ;
; display_resultado1 ; Output ; Info     ; Connected to dangling logic. Logic that only feeds a dangling port will be removed.                                                       ;
; display_resultado2 ; Output ; Info     ; Connected to dangling logic. Logic that only feeds a dangling port will be removed.                                                       ;
; zero_flag          ; Output ; Info     ; Connected to dangling logic. Logic that only feeds a dangling port will be removed.                                                       ;
; carry_flag         ; Output ; Info     ; Connected to dangling logic. Logic that only feeds a dangling port will be removed.                                                       ;
; overflow_flag      ; Output ; Info     ; Connected to dangling logic. Logic that only feeds a dangling port will be removed.                                                       ;
; negative_flag      ; Output ; Info     ; Connected to dangling logic. Logic that only feeds a dangling port will be removed.                                                       ;
+--------------------+--------+----------+-------------------------------------------------------------------------------------------------------------------------------------------+


+-------------------------------------------------------------------------------------------------------------------------------------------------+
; Port Connectivity Checks: "registro:reg1"                                                                                                       ;
+------+--------+----------+----------------------------------------------------------------------------------------------------------------------+
; Port ; Type   ; Severity ; Details                                                                                                              ;
+------+--------+----------+----------------------------------------------------------------------------------------------------------------------+
; Q    ; Output ; Warning  ; Output or bidir port (8 bits) is wider than the port expression (1 bits) it drives; bit(s) "Q[7..1]" have no fanouts ;
+------+--------+----------+----------------------------------------------------------------------------------------------------------------------+


+-----------------------------------------------------+
; Post-Synthesis Netlist Statistics for Top Partition ;
+-----------------------+-----------------------------+
; Type                  ; Count                       ;
+-----------------------+-----------------------------+
; arriav_lcell_comb     ; 1                           ;
;     normal            ; 1                           ;
;         0 data inputs ; 1                           ;
; boundary_port         ; 4                           ;
;                       ;                             ;
; Max LUT depth         ; 0.00                        ;
; Average LUT depth     ; 0.00                        ;
+-----------------------+-----------------------------+


+-------------------------------+
; Elapsed Time Per Partition    ;
+----------------+--------------+
; Partition Name ; Elapsed Time ;
+----------------+--------------+
; Top            ; 00:00:00     ;
+----------------+--------------+


+-------------------------------+
; Analysis & Synthesis Messages ;
+-------------------------------+
Info: *******************************************************************
Info: Running Quartus Prime Analysis & Synthesis
    Info: Version 20.1.0 Build 711 06/05/2020 SJ Lite Edition
    Info: Processing started: Mon Aug 26 23:34:33 2024
Info: Command: quartus_map --read_settings_files=on --write_settings_files=off labDOS -c aluPara
Warning (18236): Number of processors has not been specified which may cause overloading on shared machines.  Set the global assignment NUM_PARALLEL_PROCESSORS in your QSF to an appropriate value for best performance.
Info (20030): Parallel compilation is enabled and will use 2 of the 2 processors detected
Info (12021): Found 1 design units, including 1 entities, in source file alupara_tb.sv
    Info (12023): Found entity 1: aluPara_tb File: C:/Users/genne/OneDrive/Escritorio/Lab de fundamentos/crodriguez_jarroyo_nvargas_digital_design_lab_2024/labDOS/aluPara_tb.sv Line: 1
Info (12021): Found 1 design units, including 1 entities, in source file sevensegmentdisplay.sv
    Info (12023): Found entity 1: SevenSegmentDisplay File: C:/Users/genne/OneDrive/Escritorio/Lab de fundamentos/crodriguez_jarroyo_nvargas_digital_design_lab_2024/labDOS/SevenSegmentDisplay.sv Line: 1
Info (12021): Found 1 design units, including 1 entities, in source file multiplicador_tb.sv
    Info (12023): Found entity 1: multiplicador_tb File: C:/Users/genne/OneDrive/Escritorio/Lab de fundamentos/crodriguez_jarroyo_nvargas_digital_design_lab_2024/labDOS/multiplicador_tb.sv Line: 1
Info (12021): Found 1 design units, including 1 entities, in source file multiplicador.sv
    Info (12023): Found entity 1: multiplicador File: C:/Users/genne/OneDrive/Escritorio/Lab de fundamentos/crodriguez_jarroyo_nvargas_digital_design_lab_2024/labDOS/multiplicador.sv Line: 1
Info (12021): Found 1 design units, including 1 entities, in source file alupara.sv
    Info (12023): Found entity 1: aluPara File: C:/Users/genne/OneDrive/Escritorio/Lab de fundamentos/crodriguez_jarroyo_nvargas_digital_design_lab_2024/labDOS/aluPara.sv Line: 1
Info (12021): Found 2 design units, including 2 entities, in source file sumador_estructural.sv
    Info (12023): Found entity 1: sumador File: C:/Users/genne/OneDrive/Escritorio/Lab de fundamentos/crodriguez_jarroyo_nvargas_digital_design_lab_2024/labDOS/Sumador_estructural.sv Line: 2
    Info (12023): Found entity 2: Sumador_estructural File: C:/Users/genne/OneDrive/Escritorio/Lab de fundamentos/crodriguez_jarroyo_nvargas_digital_design_lab_2024/labDOS/Sumador_estructural.sv Line: 16
Info (12021): Found 2 design units, including 2 entities, in source file restador.sv
    Info (12023): Found entity 1: restador_ins File: C:/Users/genne/OneDrive/Escritorio/Lab de fundamentos/crodriguez_jarroyo_nvargas_digital_design_lab_2024/labDOS/restador.sv Line: 2
    Info (12023): Found entity 2: restador File: C:/Users/genne/OneDrive/Escritorio/Lab de fundamentos/crodriguez_jarroyo_nvargas_digital_design_lab_2024/labDOS/restador.sv Line: 16
Info (12021): Found 1 design units, including 1 entities, in source file mux16to1_tb.sv
    Info (12023): Found entity 1: mux16to1_tb File: C:/Users/genne/OneDrive/Escritorio/Lab de fundamentos/crodriguez_jarroyo_nvargas_digital_design_lab_2024/labDOS/mux16to1_tb.sv Line: 1
Info (12021): Found 1 design units, including 1 entities, in source file mux16to1.sv
    Info (12023): Found entity 1: mux16to1 File: C:/Users/genne/OneDrive/Escritorio/Lab de fundamentos/crodriguez_jarroyo_nvargas_digital_design_lab_2024/labDOS/mux16to1.sv Line: 1
Info (12021): Found 1 design units, including 1 entities, in source file registro.sv
    Info (12023): Found entity 1: registro File: C:/Users/genne/OneDrive/Escritorio/Lab de fundamentos/crodriguez_jarroyo_nvargas_digital_design_lab_2024/labDOS/registro.sv Line: 1
Info (12021): Found 1 design units, including 1 entities, in source file alupara_tbreg.sv
    Info (12023): Found entity 1: aluPara_tbreg File: C:/Users/genne/OneDrive/Escritorio/Lab de fundamentos/crodriguez_jarroyo_nvargas_digital_design_lab_2024/labDOS/aluPara_tbreg.sv Line: 1
Warning (10236): Verilog HDL Implicit Net warning at multiplicador.sv(12): created implicit net for "product" File: C:/Users/genne/OneDrive/Escritorio/Lab de fundamentos/crodriguez_jarroyo_nvargas_digital_design_lab_2024/labDOS/multiplicador.sv Line: 12
Info (12127): Elaborating entity "aluPara_tbreg" for the top level hierarchy
Warning (10230): Verilog HDL assignment warning at aluPara_tbreg.sv(80): truncated value with size 32 to match size of target (8) File: C:/Users/genne/OneDrive/Escritorio/Lab de fundamentos/crodriguez_jarroyo_nvargas_digital_design_lab_2024/labDOS/aluPara_tbreg.sv Line: 80
Warning (10230): Verilog HDL assignment warning at aluPara_tbreg.sv(82): truncated value with size 32 to match size of target (8) File: C:/Users/genne/OneDrive/Escritorio/Lab de fundamentos/crodriguez_jarroyo_nvargas_digital_design_lab_2024/labDOS/aluPara_tbreg.sv Line: 82
Info (12128): Elaborating entity "registro" for hierarchy "registro:reg1" File: C:/Users/genne/OneDrive/Escritorio/Lab de fundamentos/crodriguez_jarroyo_nvargas_digital_design_lab_2024/labDOS/aluPara_tbreg.sv Line: 36
Info (12128): Elaborating entity "aluPara" for hierarchy "aluPara:nueva_alu" File: C:/Users/genne/OneDrive/Escritorio/Lab de fundamentos/crodriguez_jarroyo_nvargas_digital_design_lab_2024/labDOS/aluPara_tbreg.sv Line: 53
Warning (10230): Verilog HDL assignment warning at aluPara.sv(114): truncated value with size 32 to match size of target (4) File: C:/Users/genne/OneDrive/Escritorio/Lab de fundamentos/crodriguez_jarroyo_nvargas_digital_design_lab_2024/labDOS/aluPara.sv Line: 114
Warning (10230): Verilog HDL assignment warning at aluPara.sv(115): truncated value with size 32 to match size of target (4) File: C:/Users/genne/OneDrive/Escritorio/Lab de fundamentos/crodriguez_jarroyo_nvargas_digital_design_lab_2024/labDOS/aluPara.sv Line: 115
Warning (10030): Net "mux_in[15..10]" at aluPara.sv(35) has no driver or initial value, using a default initial value '0' File: C:/Users/genne/OneDrive/Escritorio/Lab de fundamentos/crodriguez_jarroyo_nvargas_digital_design_lab_2024/labDOS/aluPara.sv Line: 35
Warning (12125): Using design file restpara.sv, which is not specified as a design file for the current project, but contains definitions for 1 design units and 1 entities in project
    Info (12023): Found entity 1: restPara File: C:/Users/genne/OneDrive/Escritorio/Lab de fundamentos/crodriguez_jarroyo_nvargas_digital_design_lab_2024/labDOS/restpara.sv Line: 2
Info (12128): Elaborating entity "restPara" for hierarchy "aluPara:nueva_alu|restPara:contador_selector" File: C:/Users/genne/OneDrive/Escritorio/Lab de fundamentos/crodriguez_jarroyo_nvargas_digital_design_lab_2024/labDOS/aluPara.sv Line: 32
Warning (10230): Verilog HDL assignment warning at restpara.sv(23): truncated value with size 32 to match size of target (4) File: C:/Users/genne/OneDrive/Escritorio/Lab de fundamentos/crodriguez_jarroyo_nvargas_digital_design_lab_2024/labDOS/restpara.sv Line: 23
Warning (10230): Verilog HDL assignment warning at restpara.sv(28): truncated value with size 32 to match size of target (4) File: C:/Users/genne/OneDrive/Escritorio/Lab de fundamentos/crodriguez_jarroyo_nvargas_digital_design_lab_2024/labDOS/restpara.sv Line: 28
Warning (10230): Verilog HDL assignment warning at restpara.sv(29): truncated value with size 32 to match size of target (4) File: C:/Users/genne/OneDrive/Escritorio/Lab de fundamentos/crodriguez_jarroyo_nvargas_digital_design_lab_2024/labDOS/restpara.sv Line: 29
Info (12128): Elaborating entity "SevenSegmentDisplay" for hierarchy "aluPara:nueva_alu|restPara:contador_selector|SevenSegmentDisplay:seven1" File: C:/Users/genne/OneDrive/Escritorio/Lab de fundamentos/crodriguez_jarroyo_nvargas_digital_design_lab_2024/labDOS/restpara.sv Line: 31
Info (12128): Elaborating entity "mux16to1" for hierarchy "aluPara:nueva_alu|mux16to1:nuevo_mux" File: C:/Users/genne/OneDrive/Escritorio/Lab de fundamentos/crodriguez_jarroyo_nvargas_digital_design_lab_2024/labDOS/aluPara.sv Line: 41
Info (12128): Elaborating entity "Sumador_estructural" for hierarchy "aluPara:nueva_alu|Sumador_estructural:nuevo_sumandor" File: C:/Users/genne/OneDrive/Escritorio/Lab de fundamentos/crodriguez_jarroyo_nvargas_digital_design_lab_2024/labDOS/aluPara.sv Line: 51
Info (12128): Elaborating entity "sumador" for hierarchy "aluPara:nueva_alu|Sumador_estructural:nuevo_sumandor|sumador:instacias[0].nuevo" File: C:/Users/genne/OneDrive/Escritorio/Lab de fundamentos/crodriguez_jarroyo_nvargas_digital_design_lab_2024/labDOS/Sumador_estructural.sv Line: 45
Info (12128): Elaborating entity "restador" for hierarchy "aluPara:nueva_alu|restador:nuevo_restador" File: C:/Users/genne/OneDrive/Escritorio/Lab de fundamentos/crodriguez_jarroyo_nvargas_digital_design_lab_2024/labDOS/aluPara.sv Line: 60
Info (12128): Elaborating entity "restador_ins" for hierarchy "aluPara:nueva_alu|restador:nuevo_restador|restador_ins:restados[0].nuevo" File: C:/Users/genne/OneDrive/Escritorio/Lab de fundamentos/crodriguez_jarroyo_nvargas_digital_design_lab_2024/labDOS/restador.sv Line: 45
Info (12128): Elaborating entity "multiplicador" for hierarchy "aluPara:nueva_alu|multiplicador:nuevo_multiplicador" File: C:/Users/genne/OneDrive/Escritorio/Lab de fundamentos/crodriguez_jarroyo_nvargas_digital_design_lab_2024/labDOS/aluPara.sv Line: 69
Warning (10036): Verilog HDL or VHDL warning at multiplicador.sv(12): object "product" assigned a value but never read File: C:/Users/genne/OneDrive/Escritorio/Lab de fundamentos/crodriguez_jarroyo_nvargas_digital_design_lab_2024/labDOS/multiplicador.sv Line: 12
Warning (10230): Verilog HDL assignment warning at multiplicador.sv(12): truncated value with size 8 to match size of target (1) File: C:/Users/genne/OneDrive/Escritorio/Lab de fundamentos/crodriguez_jarroyo_nvargas_digital_design_lab_2024/labDOS/multiplicador.sv Line: 12
Info (12128): Elaborating entity "Sumador_estructural" for hierarchy "aluPara:nueva_alu|multiplicador:nuevo_multiplicador|Sumador_estructural:instancias[0].nuevo_sumador" File: C:/Users/genne/OneDrive/Escritorio/Lab de fundamentos/crodriguez_jarroyo_nvargas_digital_design_lab_2024/labDOS/multiplicador.sv Line: 96
Warning (12011): Net is missing source, defaulting to GND
    Warning (12110): Net "reset" is missing source, defaulting to GND File: C:/Users/genne/OneDrive/Escritorio/Lab de fundamentos/crodriguez_jarroyo_nvargas_digital_design_lab_2024/labDOS/aluPara_tbreg.sv Line: 15
Warning (12241): 3 hierarchies have connectivity warnings - see the Connectivity Checks report folder
Warning (13024): Output pins are stuck at VCC or GND
    Warning (13410): Pin "out_reg2" is stuck at GND File: C:/Users/genne/OneDrive/Escritorio/Lab de fundamentos/crodriguez_jarroyo_nvargas_digital_design_lab_2024/labDOS/aluPara_tbreg.sv Line: 9
Info (16010): Generating hard_block partition "hard_block:auto_generated_inst"
    Info (16011): Adding 0 node(s), including 0 DDIO, 0 PLL, 0 transceiver and 0 LCELL
Warning (21074): Design contains 3 input pin(s) that do not drive logic
    Warning (15610): No output dependent on input pin "clk" File: C:/Users/genne/OneDrive/Escritorio/Lab de fundamentos/crodriguez_jarroyo_nvargas_digital_design_lab_2024/labDOS/aluPara_tbreg.sv Line: 4
    Warning (15610): No output dependent on input pin "D" File: C:/Users/genne/OneDrive/Escritorio/Lab de fundamentos/crodriguez_jarroyo_nvargas_digital_design_lab_2024/labDOS/aluPara_tbreg.sv Line: 5
    Warning (15610): No output dependent on input pin "Q" File: C:/Users/genne/OneDrive/Escritorio/Lab de fundamentos/crodriguez_jarroyo_nvargas_digital_design_lab_2024/labDOS/aluPara_tbreg.sv Line: 6
Info (21057): Implemented 4 device resources after synthesis - the final resource count might be different
    Info (21058): Implemented 3 input pins
    Info (21059): Implemented 1 output pins
Info: Quartus Prime Analysis & Synthesis was successful. 0 errors, 22 warnings
    Info: Peak virtual memory: 4798 megabytes
    Info: Processing ended: Mon Aug 26 23:34:53 2024
    Info: Elapsed time: 00:00:20
    Info: Total CPU time (on all processors): 00:00:40


