Analysis & Elaboration report for restPara
Sat Aug 03 21:37:36 2024
Quartus Prime Version 20.1.0 Build 711 06/05/2020 SJ Lite Edition


---------------------
; Table of Contents ;
---------------------
  1. Legal Notice
  2. Analysis & Elaboration Summary
  3. Parallel Compilation
  4. Parameter Settings for User Entity Instance: restPara:rest0
  5. Parameter Settings for User Entity Instance: restPara:rest1
  6. Parameter Settings for User Entity Instance: restPara:rest2
  7. Analysis & Elaboration Settings
  8. Port Connectivity Checks: "restPara:rest2"
  9. Port Connectivity Checks: "restPara:rest1"
 10. Port Connectivity Checks: "restPara:rest0"
 11. Analysis & Elaboration Messages
 12. Analysis & Elaboration Suppressed Messages



----------------
; Legal Notice ;
----------------
Copyright (C) 2020  Intel Corporation. All rights reserved.
Your use of Intel Corporation's design tools, logic functions 
and other software and tools, and any partner logic 
functions, and any output files from any of the foregoing 
(including device programming or simulation files), and any 
associated documentation or information are expressly subject 
to the terms and conditions of the Intel Program License 
Subscription Agreement, the Intel Quartus Prime License Agreement,
the Intel FPGA IP License Agreement, or other applicable license
agreement, including, without limitation, that your use is for
the sole purpose of programming logic devices manufactured by
Intel and sold by Intel or its authorized distributors.  Please
refer to the applicable agreement for further details, at
https://fpgasoftware.intel.com/eula.



+-----------------------------------------------------------------------------+
; Analysis & Elaboration Summary                                              ;
+-------------------------------+---------------------------------------------+
; Analysis & Elaboration Status ; Successful - Sat Aug 03 21:37:36 2024       ;
; Quartus Prime Version         ; 20.1.0 Build 711 06/05/2020 SJ Lite Edition ;
; Revision Name                 ; restPara                                    ;
; Top-level Entity Name         ; restPara_tb                                 ;
; Family                        ; Cyclone V                                   ;
; Logic utilization (in ALMs)   ; N/A until Partition Merge                   ;
; Total registers               ; N/A until Partition Merge                   ;
; Total pins                    ; N/A until Partition Merge                   ;
; Total virtual pins            ; N/A until Partition Merge                   ;
; Total block memory bits       ; N/A until Partition Merge                   ;
; Total PLLs                    ; N/A until Partition Merge                   ;
; Total DLLs                    ; N/A until Partition Merge                   ;
+-------------------------------+---------------------------------------------+


+------------------------------------------+
; Parallel Compilation                     ;
+----------------------------+-------------+
; Processors                 ; Number      ;
+----------------------------+-------------+
; Number detected on machine ; 16          ;
; Maximum allowed            ; 8           ;
;                            ;             ;
; Average used               ; 1.00        ;
; Maximum used               ; 1           ;
;                            ;             ;
; Usage by Processor         ; % Time Used ;
;     Processor 1            ; 100.0%      ;
+----------------------------+-------------+


+-------------------------------------------------------------+
; Parameter Settings for User Entity Instance: restPara:rest0 ;
+----------------+-------+------------------------------------+
; Parameter Name ; Value ; Type                               ;
+----------------+-------+------------------------------------+
; N              ; 2     ; Signed Integer                     ;
+----------------+-------+------------------------------------+
Note: In order to hide this table in the UI and the text report file, please set the "Show Parameter Settings in Synthesis Report" option in "Analysis and Synthesis Settings -> More Settings" to "Off".


+-------------------------------------------------------------+
; Parameter Settings for User Entity Instance: restPara:rest1 ;
+----------------+-------+------------------------------------+
; Parameter Name ; Value ; Type                               ;
+----------------+-------+------------------------------------+
; N              ; 4     ; Signed Integer                     ;
+----------------+-------+------------------------------------+
Note: In order to hide this table in the UI and the text report file, please set the "Show Parameter Settings in Synthesis Report" option in "Analysis and Synthesis Settings -> More Settings" to "Off".


+-------------------------------------------------------------+
; Parameter Settings for User Entity Instance: restPara:rest2 ;
+----------------+-------+------------------------------------+
; Parameter Name ; Value ; Type                               ;
+----------------+-------+------------------------------------+
; N              ; 6     ; Signed Integer                     ;
+----------------+-------+------------------------------------+
Note: In order to hide this table in the UI and the text report file, please set the "Show Parameter Settings in Synthesis Report" option in "Analysis and Synthesis Settings -> More Settings" to "Off".


+---------------------------------------------------------------------------------------------------------------------------+
; Analysis & Elaboration Settings                                                                                           ;
+---------------------------------------------------------------------------------+--------------------+--------------------+
; Option                                                                          ; Setting            ; Default Value      ;
+---------------------------------------------------------------------------------+--------------------+--------------------+
; Device                                                                          ; 5CSXFC6D6F31C6     ;                    ;
; Top-level entity name                                                           ; restPara_tb        ; restPara           ;
; Family name                                                                     ; Cyclone V          ; Cyclone V          ;
; Use smart compilation                                                           ; Off                ; Off                ;
; Enable parallel Assembler and Timing Analyzer during compilation                ; On                 ; On                 ;
; Enable compact report table                                                     ; Off                ; Off                ;
; Restructure Multiplexers                                                        ; Auto               ; Auto               ;
; MLAB Add Timing Constraints For Mixed-Port Feed-Through Mode Setting Don't Care ; Off                ; Off                ;
; Create Debugging Nodes for IP Cores                                             ; Off                ; Off                ;
; Preserve fewer node names                                                       ; On                 ; On                 ;
; Intel FPGA IP Evaluation Mode                                                   ; Enable             ; Enable             ;
; Verilog Version                                                                 ; Verilog_2001       ; Verilog_2001       ;
; VHDL Version                                                                    ; VHDL_1993          ; VHDL_1993          ;
; State Machine Processing                                                        ; Auto               ; Auto               ;
; Safe State Machine                                                              ; Off                ; Off                ;
; Extract Verilog State Machines                                                  ; On                 ; On                 ;
; Extract VHDL State Machines                                                     ; On                 ; On                 ;
; Ignore Verilog initial constructs                                               ; Off                ; Off                ;
; Iteration limit for constant Verilog loops                                      ; 5000               ; 5000               ;
; Iteration limit for non-constant Verilog loops                                  ; 250                ; 250                ;
; Add Pass-Through Logic to Inferred RAMs                                         ; On                 ; On                 ;
; Infer RAMs from Raw Logic                                                       ; On                 ; On                 ;
; Parallel Synthesis                                                              ; On                 ; On                 ;
; DSP Block Balancing                                                             ; Auto               ; Auto               ;
; NOT Gate Push-Back                                                              ; On                 ; On                 ;
; Power-Up Don't Care                                                             ; On                 ; On                 ;
; Remove Redundant Logic Cells                                                    ; Off                ; Off                ;
; Remove Duplicate Registers                                                      ; On                 ; On                 ;
; Ignore CARRY Buffers                                                            ; Off                ; Off                ;
; Ignore CASCADE Buffers                                                          ; Off                ; Off                ;
; Ignore GLOBAL Buffers                                                           ; Off                ; Off                ;
; Ignore ROW GLOBAL Buffers                                                       ; Off                ; Off                ;
; Ignore LCELL Buffers                                                            ; Off                ; Off                ;
; Ignore SOFT Buffers                                                             ; On                 ; On                 ;
; Limit AHDL Integers to 32 Bits                                                  ; Off                ; Off                ;
; Optimization Technique                                                          ; Balanced           ; Balanced           ;
; Carry Chain Length                                                              ; 70                 ; 70                 ;
; Auto Carry Chains                                                               ; On                 ; On                 ;
; Auto Open-Drain Pins                                                            ; On                 ; On                 ;
; Perform WYSIWYG Primitive Resynthesis                                           ; Off                ; Off                ;
; Auto ROM Replacement                                                            ; On                 ; On                 ;
; Auto RAM Replacement                                                            ; On                 ; On                 ;
; Auto DSP Block Replacement                                                      ; On                 ; On                 ;
; Auto Shift Register Replacement                                                 ; Auto               ; Auto               ;
; Allow Shift Register Merging across Hierarchies                                 ; Auto               ; Auto               ;
; Auto Clock Enable Replacement                                                   ; On                 ; On                 ;
; Strict RAM Replacement                                                          ; Off                ; Off                ;
; Allow Synchronous Control Signals                                               ; On                 ; On                 ;
; Force Use of Synchronous Clear Signals                                          ; Off                ; Off                ;
; Auto Resource Sharing                                                           ; Off                ; Off                ;
; Allow Any RAM Size For Recognition                                              ; Off                ; Off                ;
; Allow Any ROM Size For Recognition                                              ; Off                ; Off                ;
; Allow Any Shift Register Size For Recognition                                   ; Off                ; Off                ;
; Use LogicLock Constraints during Resource Balancing                             ; On                 ; On                 ;
; Ignore translate_off and synthesis_off directives                               ; Off                ; Off                ;
; Timing-Driven Synthesis                                                         ; On                 ; On                 ;
; Report Parameter Settings                                                       ; On                 ; On                 ;
; Report Source Assignments                                                       ; On                 ; On                 ;
; Report Connectivity Checks                                                      ; On                 ; On                 ;
; Ignore Maximum Fan-Out Assignments                                              ; Off                ; Off                ;
; Synchronization Register Chain Length                                           ; 3                  ; 3                  ;
; Power Optimization During Synthesis                                             ; Normal compilation ; Normal compilation ;
; HDL message level                                                               ; Level2             ; Level2             ;
; Suppress Register Optimization Related Messages                                 ; Off                ; Off                ;
; Number of Removed Registers Reported in Synthesis Report                        ; 5000               ; 5000               ;
; Number of Swept Nodes Reported in Synthesis Report                              ; 5000               ; 5000               ;
; Number of Inverted Registers Reported in Synthesis Report                       ; 100                ; 100                ;
; Clock MUX Protection                                                            ; On                 ; On                 ;
; Auto Gated Clock Conversion                                                     ; Off                ; Off                ;
; Block Design Naming                                                             ; Auto               ; Auto               ;
; SDC constraint protection                                                       ; Off                ; Off                ;
; Synthesis Effort                                                                ; Auto               ; Auto               ;
; Shift Register Replacement - Allow Asynchronous Clear Signal                    ; On                 ; On                 ;
; Pre-Mapping Resynthesis Optimization                                            ; Off                ; Off                ;
; Analysis & Synthesis Message Level                                              ; Medium             ; Medium             ;
; Disable Register Merging Across Hierarchies                                     ; Auto               ; Auto               ;
; Resource Aware Inference For Block RAM                                          ; On                 ; On                 ;
; Automatic Parallel Synthesis                                                    ; On                 ; On                 ;
; Partial Reconfiguration Bitstream ID                                            ; Off                ; Off                ;
+---------------------------------------------------------------------------------+--------------------+--------------------+


+----------------------------------------------------------------------------------------------------------------+
; Port Connectivity Checks: "restPara:rest2"                                                                     ;
+------+--------+----------+-------------------------------------------------------------------------------------+
; Port ; Type   ; Severity ; Details                                                                             ;
+------+--------+----------+-------------------------------------------------------------------------------------+
; q    ; Output ; Info     ; Connected to dangling logic. Logic that only feeds a dangling port will be removed. ;
+------+--------+----------+-------------------------------------------------------------------------------------+


+----------------------------------------------------------------------------------------------------------------+
; Port Connectivity Checks: "restPara:rest1"                                                                     ;
+------+--------+----------+-------------------------------------------------------------------------------------+
; Port ; Type   ; Severity ; Details                                                                             ;
+------+--------+----------+-------------------------------------------------------------------------------------+
; q    ; Output ; Info     ; Connected to dangling logic. Logic that only feeds a dangling port will be removed. ;
+------+--------+----------+-------------------------------------------------------------------------------------+


+----------------------------------------------------------------------------------------------------------------+
; Port Connectivity Checks: "restPara:rest0"                                                                     ;
+------+--------+----------+-------------------------------------------------------------------------------------+
; Port ; Type   ; Severity ; Details                                                                             ;
+------+--------+----------+-------------------------------------------------------------------------------------+
; q    ; Output ; Info     ; Connected to dangling logic. Logic that only feeds a dangling port will be removed. ;
+------+--------+----------+-------------------------------------------------------------------------------------+


+---------------------------------+
; Analysis & Elaboration Messages ;
+---------------------------------+
Info: *******************************************************************
Info: Running Quartus Prime Analysis & Elaboration
    Info: Version 20.1.0 Build 711 06/05/2020 SJ Lite Edition
    Info: Processing started: Sat Aug 03 21:37:26 2024
Info: Command: quartus_map --read_settings_files=on --write_settings_files=off labUno -c restPara --analysis_and_elaboration
Warning (18236): Number of processors has not been specified which may cause overloading on shared machines.  Set the global assignment NUM_PARALLEL_PROCESSORS in your QSF to an appropriate value for best performance.
Info (20030): Parallel compilation is enabled and will use 8 of the 8 processors detected
Info (12021): Found 1 design units, including 1 entities, in source file restpara.sv
    Info (12023): Found entity 1: restPara File: C:/Users/josea/Documents/SystemVerilog/crodriguez_jarroyo_nvargas_digital_design_lab_2024/labUNo/restPara.sv Line: 2
Info (12021): Found 1 design units, including 1 entities, in source file restpara_tb.sv
    Info (12023): Found entity 1: restPara_tb File: C:/Users/josea/Documents/SystemVerilog/crodriguez_jarroyo_nvargas_digital_design_lab_2024/labUNo/restPara_tb.sv Line: 2
Info (12127): Elaborating entity "restPara_tb" for the top level hierarchy
Warning (10755): Verilog HDL warning at restPara_tb.sv(40): assignments to clk create a combinational loop File: C:/Users/josea/Documents/SystemVerilog/crodriguez_jarroyo_nvargas_digital_design_lab_2024/labUNo/restPara_tb.sv Line: 40
Info (10648): Verilog HDL Display System Task info at restPara_tb.sv(63): q2 =  0, i =          63 File: C:/Users/josea/Documents/SystemVerilog/crodriguez_jarroyo_nvargas_digital_design_lab_2024/labUNo/restPara_tb.sv Line: 63
Info (10648): Verilog HDL Display System Task info at restPara_tb.sv(63): q2 =  0, i =          62 File: C:/Users/josea/Documents/SystemVerilog/crodriguez_jarroyo_nvargas_digital_design_lab_2024/labUNo/restPara_tb.sv Line: 63
Info (10648): Verilog HDL Display System Task info at restPara_tb.sv(63): q2 =  0, i =          61 File: C:/Users/josea/Documents/SystemVerilog/crodriguez_jarroyo_nvargas_digital_design_lab_2024/labUNo/restPara_tb.sv Line: 63
Info (10648): Verilog HDL Display System Task info at restPara_tb.sv(63): q2 =  0, i =          60 File: C:/Users/josea/Documents/SystemVerilog/crodriguez_jarroyo_nvargas_digital_design_lab_2024/labUNo/restPara_tb.sv Line: 63
Info (10648): Verilog HDL Display System Task info at restPara_tb.sv(63): q2 =  0, i =          59 File: C:/Users/josea/Documents/SystemVerilog/crodriguez_jarroyo_nvargas_digital_design_lab_2024/labUNo/restPara_tb.sv Line: 63
Info (10648): Verilog HDL Display System Task info at restPara_tb.sv(63): q2 =  0, i =          58 File: C:/Users/josea/Documents/SystemVerilog/crodriguez_jarroyo_nvargas_digital_design_lab_2024/labUNo/restPara_tb.sv Line: 63
Info (10648): Verilog HDL Display System Task info at restPara_tb.sv(63): q2 =  0, i =          57 File: C:/Users/josea/Documents/SystemVerilog/crodriguez_jarroyo_nvargas_digital_design_lab_2024/labUNo/restPara_tb.sv Line: 63
Info (10648): Verilog HDL Display System Task info at restPara_tb.sv(63): q2 =  0, i =          56 File: C:/Users/josea/Documents/SystemVerilog/crodriguez_jarroyo_nvargas_digital_design_lab_2024/labUNo/restPara_tb.sv Line: 63
Info (10648): Verilog HDL Display System Task info at restPara_tb.sv(63): q2 =  0, i =          55 File: C:/Users/josea/Documents/SystemVerilog/crodriguez_jarroyo_nvargas_digital_design_lab_2024/labUNo/restPara_tb.sv Line: 63
Info (10648): Verilog HDL Display System Task info at restPara_tb.sv(63): q2 =  0, i =          54 File: C:/Users/josea/Documents/SystemVerilog/crodriguez_jarroyo_nvargas_digital_design_lab_2024/labUNo/restPara_tb.sv Line: 63
Info (10648): Verilog HDL Display System Task info at restPara_tb.sv(63): q2 =  0, i =          53 File: C:/Users/josea/Documents/SystemVerilog/crodriguez_jarroyo_nvargas_digital_design_lab_2024/labUNo/restPara_tb.sv Line: 63
Info (10648): Verilog HDL Display System Task info at restPara_tb.sv(63): q2 =  0, i =          52 File: C:/Users/josea/Documents/SystemVerilog/crodriguez_jarroyo_nvargas_digital_design_lab_2024/labUNo/restPara_tb.sv Line: 63
Info (10648): Verilog HDL Display System Task info at restPara_tb.sv(63): q2 =  0, i =          51 File: C:/Users/josea/Documents/SystemVerilog/crodriguez_jarroyo_nvargas_digital_design_lab_2024/labUNo/restPara_tb.sv Line: 63
Info (10648): Verilog HDL Display System Task info at restPara_tb.sv(63): q2 =  0, i =          50 File: C:/Users/josea/Documents/SystemVerilog/crodriguez_jarroyo_nvargas_digital_design_lab_2024/labUNo/restPara_tb.sv Line: 63
Info (10648): Verilog HDL Display System Task info at restPara_tb.sv(63): q2 =  0, i =          49 File: C:/Users/josea/Documents/SystemVerilog/crodriguez_jarroyo_nvargas_digital_design_lab_2024/labUNo/restPara_tb.sv Line: 63
Info (10648): Verilog HDL Display System Task info at restPara_tb.sv(63): q2 =  0, i =          48 File: C:/Users/josea/Documents/SystemVerilog/crodriguez_jarroyo_nvargas_digital_design_lab_2024/labUNo/restPara_tb.sv Line: 63
Info (10648): Verilog HDL Display System Task info at restPara_tb.sv(63): q2 =  0, i =          47 File: C:/Users/josea/Documents/SystemVerilog/crodriguez_jarroyo_nvargas_digital_design_lab_2024/labUNo/restPara_tb.sv Line: 63
Info (10648): Verilog HDL Display System Task info at restPara_tb.sv(63): q2 =  0, i =          46 File: C:/Users/josea/Documents/SystemVerilog/crodriguez_jarroyo_nvargas_digital_design_lab_2024/labUNo/restPara_tb.sv Line: 63
Info (10648): Verilog HDL Display System Task info at restPara_tb.sv(63): q2 =  0, i =          45 File: C:/Users/josea/Documents/SystemVerilog/crodriguez_jarroyo_nvargas_digital_design_lab_2024/labUNo/restPara_tb.sv Line: 63
Info (10648): Verilog HDL Display System Task info at restPara_tb.sv(63): q2 =  0, i =          44 File: C:/Users/josea/Documents/SystemVerilog/crodriguez_jarroyo_nvargas_digital_design_lab_2024/labUNo/restPara_tb.sv Line: 63
Info (10648): Verilog HDL Display System Task info at restPara_tb.sv(63): q2 =  0, i =          43 File: C:/Users/josea/Documents/SystemVerilog/crodriguez_jarroyo_nvargas_digital_design_lab_2024/labUNo/restPara_tb.sv Line: 63
Info (10648): Verilog HDL Display System Task info at restPara_tb.sv(63): q2 =  0, i =          42 File: C:/Users/josea/Documents/SystemVerilog/crodriguez_jarroyo_nvargas_digital_design_lab_2024/labUNo/restPara_tb.sv Line: 63
Info (10648): Verilog HDL Display System Task info at restPara_tb.sv(63): q2 =  0, i =          41 File: C:/Users/josea/Documents/SystemVerilog/crodriguez_jarroyo_nvargas_digital_design_lab_2024/labUNo/restPara_tb.sv Line: 63
Info (10648): Verilog HDL Display System Task info at restPara_tb.sv(63): q2 =  0, i =          40 File: C:/Users/josea/Documents/SystemVerilog/crodriguez_jarroyo_nvargas_digital_design_lab_2024/labUNo/restPara_tb.sv Line: 63
Info (10648): Verilog HDL Display System Task info at restPara_tb.sv(63): q2 =  0, i =          39 File: C:/Users/josea/Documents/SystemVerilog/crodriguez_jarroyo_nvargas_digital_design_lab_2024/labUNo/restPara_tb.sv Line: 63
Info (10648): Verilog HDL Display System Task info at restPara_tb.sv(63): q2 =  0, i =          38 File: C:/Users/josea/Documents/SystemVerilog/crodriguez_jarroyo_nvargas_digital_design_lab_2024/labUNo/restPara_tb.sv Line: 63
Info (10648): Verilog HDL Display System Task info at restPara_tb.sv(63): q2 =  0, i =          37 File: C:/Users/josea/Documents/SystemVerilog/crodriguez_jarroyo_nvargas_digital_design_lab_2024/labUNo/restPara_tb.sv Line: 63
Info (10648): Verilog HDL Display System Task info at restPara_tb.sv(63): q2 =  0, i =          36 File: C:/Users/josea/Documents/SystemVerilog/crodriguez_jarroyo_nvargas_digital_design_lab_2024/labUNo/restPara_tb.sv Line: 63
Info (10648): Verilog HDL Display System Task info at restPara_tb.sv(63): q2 =  0, i =          35 File: C:/Users/josea/Documents/SystemVerilog/crodriguez_jarroyo_nvargas_digital_design_lab_2024/labUNo/restPara_tb.sv Line: 63
Info (10648): Verilog HDL Display System Task info at restPara_tb.sv(63): q2 =  0, i =          34 File: C:/Users/josea/Documents/SystemVerilog/crodriguez_jarroyo_nvargas_digital_design_lab_2024/labUNo/restPara_tb.sv Line: 63
Info (10648): Verilog HDL Display System Task info at restPara_tb.sv(63): q2 =  0, i =          33 File: C:/Users/josea/Documents/SystemVerilog/crodriguez_jarroyo_nvargas_digital_design_lab_2024/labUNo/restPara_tb.sv Line: 63
Info (10648): Verilog HDL Display System Task info at restPara_tb.sv(63): q2 =  0, i =          32 File: C:/Users/josea/Documents/SystemVerilog/crodriguez_jarroyo_nvargas_digital_design_lab_2024/labUNo/restPara_tb.sv Line: 63
Info (10648): Verilog HDL Display System Task info at restPara_tb.sv(63): q2 =  0, i =          31 File: C:/Users/josea/Documents/SystemVerilog/crodriguez_jarroyo_nvargas_digital_design_lab_2024/labUNo/restPara_tb.sv Line: 63
Info (10648): Verilog HDL Display System Task info at restPara_tb.sv(63): q2 =  0, i =          30 File: C:/Users/josea/Documents/SystemVerilog/crodriguez_jarroyo_nvargas_digital_design_lab_2024/labUNo/restPara_tb.sv Line: 63
Info (10648): Verilog HDL Display System Task info at restPara_tb.sv(63): q2 =  0, i =          29 File: C:/Users/josea/Documents/SystemVerilog/crodriguez_jarroyo_nvargas_digital_design_lab_2024/labUNo/restPara_tb.sv Line: 63
Info (10648): Verilog HDL Display System Task info at restPara_tb.sv(63): q2 =  0, i =          28 File: C:/Users/josea/Documents/SystemVerilog/crodriguez_jarroyo_nvargas_digital_design_lab_2024/labUNo/restPara_tb.sv Line: 63
Info (10648): Verilog HDL Display System Task info at restPara_tb.sv(63): q2 =  0, i =          27 File: C:/Users/josea/Documents/SystemVerilog/crodriguez_jarroyo_nvargas_digital_design_lab_2024/labUNo/restPara_tb.sv Line: 63
Info (10648): Verilog HDL Display System Task info at restPara_tb.sv(63): q2 =  0, i =          26 File: C:/Users/josea/Documents/SystemVerilog/crodriguez_jarroyo_nvargas_digital_design_lab_2024/labUNo/restPara_tb.sv Line: 63
Info (10648): Verilog HDL Display System Task info at restPara_tb.sv(63): q2 =  0, i =          25 File: C:/Users/josea/Documents/SystemVerilog/crodriguez_jarroyo_nvargas_digital_design_lab_2024/labUNo/restPara_tb.sv Line: 63
Info (10648): Verilog HDL Display System Task info at restPara_tb.sv(63): q2 =  0, i =          24 File: C:/Users/josea/Documents/SystemVerilog/crodriguez_jarroyo_nvargas_digital_design_lab_2024/labUNo/restPara_tb.sv Line: 63
Info (10648): Verilog HDL Display System Task info at restPara_tb.sv(63): q2 =  0, i =          23 File: C:/Users/josea/Documents/SystemVerilog/crodriguez_jarroyo_nvargas_digital_design_lab_2024/labUNo/restPara_tb.sv Line: 63
Info (10648): Verilog HDL Display System Task info at restPara_tb.sv(63): q2 =  0, i =          22 File: C:/Users/josea/Documents/SystemVerilog/crodriguez_jarroyo_nvargas_digital_design_lab_2024/labUNo/restPara_tb.sv Line: 63
Info (10648): Verilog HDL Display System Task info at restPara_tb.sv(63): q2 =  0, i =          21 File: C:/Users/josea/Documents/SystemVerilog/crodriguez_jarroyo_nvargas_digital_design_lab_2024/labUNo/restPara_tb.sv Line: 63
Info (10648): Verilog HDL Display System Task info at restPara_tb.sv(63): q2 =  0, i =          20 File: C:/Users/josea/Documents/SystemVerilog/crodriguez_jarroyo_nvargas_digital_design_lab_2024/labUNo/restPara_tb.sv Line: 63
Info (10648): Verilog HDL Display System Task info at restPara_tb.sv(63): q2 =  0, i =          19 File: C:/Users/josea/Documents/SystemVerilog/crodriguez_jarroyo_nvargas_digital_design_lab_2024/labUNo/restPara_tb.sv Line: 63
Info (10648): Verilog HDL Display System Task info at restPara_tb.sv(63): q2 =  0, i =          18 File: C:/Users/josea/Documents/SystemVerilog/crodriguez_jarroyo_nvargas_digital_design_lab_2024/labUNo/restPara_tb.sv Line: 63
Info (10648): Verilog HDL Display System Task info at restPara_tb.sv(63): q2 =  0, i =          17 File: C:/Users/josea/Documents/SystemVerilog/crodriguez_jarroyo_nvargas_digital_design_lab_2024/labUNo/restPara_tb.sv Line: 63
Info (10648): Verilog HDL Display System Task info at restPara_tb.sv(63): q2 =  0, i =          16 File: C:/Users/josea/Documents/SystemVerilog/crodriguez_jarroyo_nvargas_digital_design_lab_2024/labUNo/restPara_tb.sv Line: 63
Info (10648): Verilog HDL Display System Task info at restPara_tb.sv(63): q2 =  0, i =          15 File: C:/Users/josea/Documents/SystemVerilog/crodriguez_jarroyo_nvargas_digital_design_lab_2024/labUNo/restPara_tb.sv Line: 63
Info (10648): Verilog HDL Display System Task info at restPara_tb.sv(63): q2 =  0, i =          14 File: C:/Users/josea/Documents/SystemVerilog/crodriguez_jarroyo_nvargas_digital_design_lab_2024/labUNo/restPara_tb.sv Line: 63
Info (10648): Verilog HDL Display System Task info at restPara_tb.sv(63): q2 =  0, i =          13 File: C:/Users/josea/Documents/SystemVerilog/crodriguez_jarroyo_nvargas_digital_design_lab_2024/labUNo/restPara_tb.sv Line: 63
Info (10648): Verilog HDL Display System Task info at restPara_tb.sv(63): q2 =  0, i =          12 File: C:/Users/josea/Documents/SystemVerilog/crodriguez_jarroyo_nvargas_digital_design_lab_2024/labUNo/restPara_tb.sv Line: 63
Info (10648): Verilog HDL Display System Task info at restPara_tb.sv(63): q2 =  0, i =          11 File: C:/Users/josea/Documents/SystemVerilog/crodriguez_jarroyo_nvargas_digital_design_lab_2024/labUNo/restPara_tb.sv Line: 63
Info (10648): Verilog HDL Display System Task info at restPara_tb.sv(63): q2 =  0, i =          10 File: C:/Users/josea/Documents/SystemVerilog/crodriguez_jarroyo_nvargas_digital_design_lab_2024/labUNo/restPara_tb.sv Line: 63
Info (10648): Verilog HDL Display System Task info at restPara_tb.sv(63): q2 =  0, i =           9 File: C:/Users/josea/Documents/SystemVerilog/crodriguez_jarroyo_nvargas_digital_design_lab_2024/labUNo/restPara_tb.sv Line: 63
Info (10648): Verilog HDL Display System Task info at restPara_tb.sv(63): q2 =  0, i =           8 File: C:/Users/josea/Documents/SystemVerilog/crodriguez_jarroyo_nvargas_digital_design_lab_2024/labUNo/restPara_tb.sv Line: 63
Info (10648): Verilog HDL Display System Task info at restPara_tb.sv(63): q2 =  0, i =           7 File: C:/Users/josea/Documents/SystemVerilog/crodriguez_jarroyo_nvargas_digital_design_lab_2024/labUNo/restPara_tb.sv Line: 63
Info (10648): Verilog HDL Display System Task info at restPara_tb.sv(63): q2 =  0, i =           6 File: C:/Users/josea/Documents/SystemVerilog/crodriguez_jarroyo_nvargas_digital_design_lab_2024/labUNo/restPara_tb.sv Line: 63
Info (10648): Verilog HDL Display System Task info at restPara_tb.sv(63): q2 =  0, i =           5 File: C:/Users/josea/Documents/SystemVerilog/crodriguez_jarroyo_nvargas_digital_design_lab_2024/labUNo/restPara_tb.sv Line: 63
Info (10648): Verilog HDL Display System Task info at restPara_tb.sv(63): q2 =  0, i =           4 File: C:/Users/josea/Documents/SystemVerilog/crodriguez_jarroyo_nvargas_digital_design_lab_2024/labUNo/restPara_tb.sv Line: 63
Info (10648): Verilog HDL Display System Task info at restPara_tb.sv(63): q2 =  0, i =           3 File: C:/Users/josea/Documents/SystemVerilog/crodriguez_jarroyo_nvargas_digital_design_lab_2024/labUNo/restPara_tb.sv Line: 63
Info (10648): Verilog HDL Display System Task info at restPara_tb.sv(63): q2 =  0, i =           2 File: C:/Users/josea/Documents/SystemVerilog/crodriguez_jarroyo_nvargas_digital_design_lab_2024/labUNo/restPara_tb.sv Line: 63
Info (10648): Verilog HDL Display System Task info at restPara_tb.sv(63): q2 =  0, i =           1 File: C:/Users/josea/Documents/SystemVerilog/crodriguez_jarroyo_nvargas_digital_design_lab_2024/labUNo/restPara_tb.sv Line: 63
Info (10648): Verilog HDL Display System Task info at restPara_tb.sv(63): q2 =  0, i =           0 File: C:/Users/josea/Documents/SystemVerilog/crodriguez_jarroyo_nvargas_digital_design_lab_2024/labUNo/restPara_tb.sv Line: 63
Info (10648): Verilog HDL Display System Task info at restPara_tb.sv(71): q1 =  0, i =          15 File: C:/Users/josea/Documents/SystemVerilog/crodriguez_jarroyo_nvargas_digital_design_lab_2024/labUNo/restPara_tb.sv Line: 71
Info (10648): Verilog HDL Display System Task info at restPara_tb.sv(71): q1 =  0, i =          14 File: C:/Users/josea/Documents/SystemVerilog/crodriguez_jarroyo_nvargas_digital_design_lab_2024/labUNo/restPara_tb.sv Line: 71
Info (10648): Verilog HDL Display System Task info at restPara_tb.sv(71): q1 =  0, i =          13 File: C:/Users/josea/Documents/SystemVerilog/crodriguez_jarroyo_nvargas_digital_design_lab_2024/labUNo/restPara_tb.sv Line: 71
Info (10648): Verilog HDL Display System Task info at restPara_tb.sv(71): q1 =  0, i =          12 File: C:/Users/josea/Documents/SystemVerilog/crodriguez_jarroyo_nvargas_digital_design_lab_2024/labUNo/restPara_tb.sv Line: 71
Info (10648): Verilog HDL Display System Task info at restPara_tb.sv(71): q1 =  0, i =          11 File: C:/Users/josea/Documents/SystemVerilog/crodriguez_jarroyo_nvargas_digital_design_lab_2024/labUNo/restPara_tb.sv Line: 71
Info (10648): Verilog HDL Display System Task info at restPara_tb.sv(71): q1 =  0, i =          10 File: C:/Users/josea/Documents/SystemVerilog/crodriguez_jarroyo_nvargas_digital_design_lab_2024/labUNo/restPara_tb.sv Line: 71
Info (10648): Verilog HDL Display System Task info at restPara_tb.sv(71): q1 =  0, i =           9 File: C:/Users/josea/Documents/SystemVerilog/crodriguez_jarroyo_nvargas_digital_design_lab_2024/labUNo/restPara_tb.sv Line: 71
Info (10648): Verilog HDL Display System Task info at restPara_tb.sv(71): q1 =  0, i =           8 File: C:/Users/josea/Documents/SystemVerilog/crodriguez_jarroyo_nvargas_digital_design_lab_2024/labUNo/restPara_tb.sv Line: 71
Info (10648): Verilog HDL Display System Task info at restPara_tb.sv(71): q1 =  0, i =           7 File: C:/Users/josea/Documents/SystemVerilog/crodriguez_jarroyo_nvargas_digital_design_lab_2024/labUNo/restPara_tb.sv Line: 71
Info (10648): Verilog HDL Display System Task info at restPara_tb.sv(71): q1 =  0, i =           6 File: C:/Users/josea/Documents/SystemVerilog/crodriguez_jarroyo_nvargas_digital_design_lab_2024/labUNo/restPara_tb.sv Line: 71
Info (10648): Verilog HDL Display System Task info at restPara_tb.sv(71): q1 =  0, i =           5 File: C:/Users/josea/Documents/SystemVerilog/crodriguez_jarroyo_nvargas_digital_design_lab_2024/labUNo/restPara_tb.sv Line: 71
Info (10648): Verilog HDL Display System Task info at restPara_tb.sv(71): q1 =  0, i =           4 File: C:/Users/josea/Documents/SystemVerilog/crodriguez_jarroyo_nvargas_digital_design_lab_2024/labUNo/restPara_tb.sv Line: 71
Info (10648): Verilog HDL Display System Task info at restPara_tb.sv(71): q1 =  0, i =           3 File: C:/Users/josea/Documents/SystemVerilog/crodriguez_jarroyo_nvargas_digital_design_lab_2024/labUNo/restPara_tb.sv Line: 71
Info (10648): Verilog HDL Display System Task info at restPara_tb.sv(71): q1 =  0, i =           2 File: C:/Users/josea/Documents/SystemVerilog/crodriguez_jarroyo_nvargas_digital_design_lab_2024/labUNo/restPara_tb.sv Line: 71
Info (10648): Verilog HDL Display System Task info at restPara_tb.sv(71): q1 =  0, i =           1 File: C:/Users/josea/Documents/SystemVerilog/crodriguez_jarroyo_nvargas_digital_design_lab_2024/labUNo/restPara_tb.sv Line: 71
Info (10648): Verilog HDL Display System Task info at restPara_tb.sv(71): q1 =  0, i =           0 File: C:/Users/josea/Documents/SystemVerilog/crodriguez_jarroyo_nvargas_digital_design_lab_2024/labUNo/restPara_tb.sv Line: 71
Info (10648): Verilog HDL Display System Task info at restPara_tb.sv(80): q0 = 0, i =           3 File: C:/Users/josea/Documents/SystemVerilog/crodriguez_jarroyo_nvargas_digital_design_lab_2024/labUNo/restPara_tb.sv Line: 80
Info (10648): Verilog HDL Display System Task info at restPara_tb.sv(80): q0 = 0, i =           2 File: C:/Users/josea/Documents/SystemVerilog/crodriguez_jarroyo_nvargas_digital_design_lab_2024/labUNo/restPara_tb.sv Line: 80
Info (10648): Verilog HDL Display System Task info at restPara_tb.sv(80): q0 = 0, i =           1 File: C:/Users/josea/Documents/SystemVerilog/crodriguez_jarroyo_nvargas_digital_design_lab_2024/labUNo/restPara_tb.sv Line: 80
Info (10648): Verilog HDL Display System Task info at restPara_tb.sv(80): q0 = 0, i =           0 File: C:/Users/josea/Documents/SystemVerilog/crodriguez_jarroyo_nvargas_digital_design_lab_2024/labUNo/restPara_tb.sv Line: 80
Info (10648): Verilog HDL Display System Task info at restPara_tb.sv(86): q0 = 0 File: C:/Users/josea/Documents/SystemVerilog/crodriguez_jarroyo_nvargas_digital_design_lab_2024/labUNo/restPara_tb.sv Line: 86
Info (10648): Verilog HDL Display System Task info at restPara_tb.sv(87): q1 =  0 File: C:/Users/josea/Documents/SystemVerilog/crodriguez_jarroyo_nvargas_digital_design_lab_2024/labUNo/restPara_tb.sv Line: 87
Info (10648): Verilog HDL Display System Task info at restPara_tb.sv(88): q2 =  0 File: C:/Users/josea/Documents/SystemVerilog/crodriguez_jarroyo_nvargas_digital_design_lab_2024/labUNo/restPara_tb.sv Line: 88
Info (10648): Verilog HDL Display System Task info at restPara_tb.sv(90): Enabling write, all counters set to one File: C:/Users/josea/Documents/SystemVerilog/crodriguez_jarroyo_nvargas_digital_design_lab_2024/labUNo/restPara_tb.sv Line: 90
Info (10648): Verilog HDL Display System Task info at restPara_tb.sv(104): q0 = 0 File: C:/Users/josea/Documents/SystemVerilog/crodriguez_jarroyo_nvargas_digital_design_lab_2024/labUNo/restPara_tb.sv Line: 104
Info (10648): Verilog HDL Display System Task info at restPara_tb.sv(105): q1 =  0 File: C:/Users/josea/Documents/SystemVerilog/crodriguez_jarroyo_nvargas_digital_design_lab_2024/labUNo/restPara_tb.sv Line: 105
Info (10648): Verilog HDL Display System Task info at restPara_tb.sv(106): q2 =  0 File: C:/Users/josea/Documents/SystemVerilog/crodriguez_jarroyo_nvargas_digital_design_lab_2024/labUNo/restPara_tb.sv Line: 106
Warning (10175): Verilog HDL warning at restPara_tb.sv(108): ignoring unsupported system task File: C:/Users/josea/Documents/SystemVerilog/crodriguez_jarroyo_nvargas_digital_design_lab_2024/labUNo/restPara_tb.sv Line: 108
Info (12128): Elaborating entity "restPara" for hierarchy "restPara:rest0" File: C:/Users/josea/Documents/SystemVerilog/crodriguez_jarroyo_nvargas_digital_design_lab_2024/labUNo/restPara_tb.sv Line: 22
Warning (10230): Verilog HDL assignment warning at restPara.sv(19): truncated value with size 32 to match size of target (2) File: C:/Users/josea/Documents/SystemVerilog/crodriguez_jarroyo_nvargas_digital_design_lab_2024/labUNo/restPara.sv Line: 19
Info (12128): Elaborating entity "restPara" for hierarchy "restPara:rest1" File: C:/Users/josea/Documents/SystemVerilog/crodriguez_jarroyo_nvargas_digital_design_lab_2024/labUNo/restPara_tb.sv Line: 30
Warning (10230): Verilog HDL assignment warning at restPara.sv(19): truncated value with size 32 to match size of target (4) File: C:/Users/josea/Documents/SystemVerilog/crodriguez_jarroyo_nvargas_digital_design_lab_2024/labUNo/restPara.sv Line: 19
Info (12128): Elaborating entity "restPara" for hierarchy "restPara:rest2" File: C:/Users/josea/Documents/SystemVerilog/crodriguez_jarroyo_nvargas_digital_design_lab_2024/labUNo/restPara_tb.sv Line: 38
Warning (10230): Verilog HDL assignment warning at restPara.sv(19): truncated value with size 32 to match size of target (6) File: C:/Users/josea/Documents/SystemVerilog/crodriguez_jarroyo_nvargas_digital_design_lab_2024/labUNo/restPara.sv Line: 19
Warning (12011): Net is missing source, defaulting to GND
    Warning (12110): Net "clk" is missing source, defaulting to GND File: C:/Users/josea/Documents/SystemVerilog/crodriguez_jarroyo_nvargas_digital_design_lab_2024/labUNo/restPara_tb.sv Line: 4
    Warning (12110): Net "reset" is missing source, defaulting to GND File: C:/Users/josea/Documents/SystemVerilog/crodriguez_jarroyo_nvargas_digital_design_lab_2024/labUNo/restPara_tb.sv Line: 5
    Warning (12110): Net "we" is missing source, defaulting to GND File: C:/Users/josea/Documents/SystemVerilog/crodriguez_jarroyo_nvargas_digital_design_lab_2024/labUNo/restPara_tb.sv Line: 6
Info (144001): Generated suppressed messages file C:/Users/josea/Documents/SystemVerilog/crodriguez_jarroyo_nvargas_digital_design_lab_2024/labUNo/output_files/restPara.map.smsg
Info: Quartus Prime Analysis & Elaboration was successful. 0 errors, 10 warnings
    Info: Peak virtual memory: 4763 megabytes
    Info: Processing ended: Sat Aug 03 21:37:37 2024
    Info: Elapsed time: 00:00:11
    Info: Total CPU time (on all processors): 00:00:27


+--------------------------------------------+
; Analysis & Elaboration Suppressed Messages ;
+--------------------------------------------+
The suppressed messages can be found in C:/Users/josea/Documents/SystemVerilog/crodriguez_jarroyo_nvargas_digital_design_lab_2024/labUNo/output_files/restPara.map.smsg.


